c:\users\liza\source\repos\ethernetat91sam7x256_interface\ethernetat91sam7x256_interface\debug\vc142.pdb
c:\users\liza\source\repos\ethernetat91sam7x256_interface\ethernetat91sam7x256_interface\debug\.netframework,version=v4.7.2.assemblyattributes.obj
c:\users\liza\source\repos\ethernetat91sam7x256_interface\ethernetat91sam7x256_interface\debug\interface.obj
c:\users\liza\source\repos\ethernetat91sam7x256_interface\ethernetat91sam7x256_interface\debug\ethernetat91sam7x256_interface.vcxproj.assemblyreference.cache
c:\users\liza\source\repos\ethernetat91sam7x256_interface\debug\ethernetat91sam7x256_interface.pdb
c:\users\liza\source\repos\ethernetat91sam7x256_interface\ethernetat91sam7x256_interface\debug\ethernet.324c961f.tlog\cl.command.1.tlog
c:\users\liza\source\repos\ethernetat91sam7x256_interface\ethernetat91sam7x256_interface\debug\ethernet.324c961f.tlog\cl.read.1.tlog
c:\users\liza\source\repos\ethernetat91sam7x256_interface\ethernetat91sam7x256_interface\debug\ethernet.324c961f.tlog\cl.write.1.tlog
c:\users\liza\source\repos\ethernetat91sam7x256_interface\ethernetat91sam7x256_interface\debug\ethernet.324c961f.tlog\link.5828.read.1.tlog
c:\users\liza\source\repos\ethernetat91sam7x256_interface\ethernetat91sam7x256_interface\debug\ethernet.324c961f.tlog\link.5828.write.1.tlog
c:\users\liza\source\repos\ethernetat91sam7x256_interface\ethernetat91sam7x256_interface\debug\ethernet.324c961f.tlog\link.7572.read.1.tlog
c:\users\liza\source\repos\ethernetat91sam7x256_interface\ethernetat91sam7x256_interface\debug\ethernet.324c961f.tlog\link.7572.write.1.tlog
c:\users\liza\source\repos\ethernetat91sam7x256_interface\ethernetat91sam7x256_interface\debug\ethernet.324c961f.tlog\link.8212.read.1.tlog
c:\users\liza\source\repos\ethernetat91sam7x256_interface\ethernetat91sam7x256_interface\debug\ethernet.324c961f.tlog\link.8212.write.1.tlog
c:\users\liza\source\repos\ethernetat91sam7x256_interface\ethernetat91sam7x256_interface\debug\ethernet.324c961f.tlog\link.8500-cvtres.read.1.tlog
c:\users\liza\source\repos\ethernetat91sam7x256_interface\ethernetat91sam7x256_interface\debug\ethernet.324c961f.tlog\link.8500-cvtres.write.1.tlog
c:\users\liza\source\repos\ethernetat91sam7x256_interface\ethernetat91sam7x256_interface\debug\ethernet.324c961f.tlog\link.8500-rc.read.1.tlog
c:\users\liza\source\repos\ethernetat91sam7x256_interface\ethernetat91sam7x256_interface\debug\ethernet.324c961f.tlog\link.8500-rc.write.1.tlog
c:\users\liza\source\repos\ethernetat91sam7x256_interface\ethernetat91sam7x256_interface\debug\ethernet.324c961f.tlog\link.8500.read.1.tlog
c:\users\liza\source\repos\ethernetat91sam7x256_interface\ethernetat91sam7x256_interface\debug\ethernet.324c961f.tlog\link.8500.write.1.tlog
c:\users\liza\source\repos\ethernetat91sam7x256_interface\ethernetat91sam7x256_interface\debug\ethernet.324c961f.tlog\link.command.1.tlog
c:\users\liza\source\repos\ethernetat91sam7x256_interface\ethernetat91sam7x256_interface\debug\ethernet.324c961f.tlog\link.read.1.tlog
c:\users\liza\source\repos\ethernetat91sam7x256_interface\ethernetat91sam7x256_interface\debug\ethernet.324c961f.tlog\link.write.1.tlog
c:\users\liza\source\repos\ethernetat91sam7x256_interface\ethernetat91sam7x256_interface\debug\ethernet.324c961f.tlog\metagen.read.1.tlog
c:\users\liza\source\repos\ethernetat91sam7x256_interface\ethernetat91sam7x256_interface\debug\ethernet.324c961f.tlog\metagen.write.1.tlog
